<?xml version="1.0" encoding="UTF-8" ?>
<testsuite tests="8" failures="0" name="devicemanager.DeviceResourceTest" time="27.628" errors="0" skipped="0">
  <properties>
[...]
</properties>
  <testcase classname="devicemanager.DeviceResourceTest" name="EditDevice_whichExists_Returns200" time="4.773"/>
  <testcase classname="devicemanager.DeviceResourceTest" name="AddDevice_WhereThereIsValidationErrors_Returns400" time="3.325"/>
  <testcase classname="devicemanager.DeviceResourceTest" name="AddDevice_WhichCurrentlyExists_Returns400" time="3.252"/>
  <testcase classname="devicemanager.DeviceResourceTest" name="GetDevices_Returns200" time="3.306"/>
  <testcase classname="devicemanager.DeviceResourceTest" name="EditDevice_WhereIpAddressAndHostNameAreNotDefined_Returns400" time="3.254"/>
  <testcase classname="devicemanager.DeviceResourceTest" name="AddDevice_WhereIpAddressAndHostAreDefined_Returns201" time="3.257"/>
  <testcase classname="devicemanager.DeviceResourceTest" name="AddDevice_WhereIpAddressAndHostAreNotDefined_Returns201" time="3.215"/>
  <testcase classname="devicemanager.DeviceResourceTest" name="EditDevice_WhichDoesntExists_Returns404" time="3.246"/>
</testsuite>